TN:
SF:src/App.vue
FN:17,setLanguage
FNF:1
FNH:1
FNDA:1,setLanguage
DA:1,1
DA:2,1
DA:3,1
DA:4,1
DA:5,1
DA:6,1
DA:7,1
DA:8,1
DA:9,1
DA:10,1
DA:11,1
DA:12,1
DA:13,1
DA:14,1
DA:15,1
DA:16,1
DA:17,1
DA:18,1
DA:19,1
DA:20,1
DA:21,1
DA:22,1
DA:23,1
DA:24,1
DA:25,1
DA:26,1
DA:27,1
LF:27
LH:27
BRDA:17,0,0,1
BRDA:19,1,0,0
BRDA:19,2,0,0
BRDA:24,3,0,1
BRF:4
BRH:2
end_of_record
TN:
SF:src/components/LanguageSetupComponent.vue
FNF:0
FNH:0
DA:1,1
DA:2,1
DA:3,1
DA:4,1
DA:5,1
DA:6,1
DA:7,1
DA:8,1
DA:9,1
DA:10,1
DA:11,1
DA:12,1
DA:13,1
DA:14,1
DA:15,1
DA:16,1
DA:17,1
DA:18,1
DA:19,1
DA:20,1
DA:21,1
DA:22,1
DA:23,1
DA:24,1
DA:25,1
DA:26,1
DA:27,1
DA:28,1
DA:29,1
DA:30,1
DA:31,1
DA:32,1
DA:33,1
DA:34,1
DA:35,1
DA:36,1
DA:37,1
DA:38,1
DA:39,1
DA:40,1
DA:41,1
DA:42,1
DA:43,1
DA:44,1
DA:45,1
DA:46,1
DA:47,1
DA:48,1
DA:49,1
DA:50,1
DA:51,1
DA:52,1
DA:53,1
DA:54,1
DA:55,1
DA:56,1
DA:57,1
DA:58,1
DA:59,1
DA:60,1
DA:61,1
DA:62,1
DA:63,1
DA:64,1
DA:65,1
DA:66,1
DA:67,1
DA:68,1
DA:69,1
DA:70,1
DA:71,1
DA:72,1
DA:73,1
DA:74,1
DA:75,1
DA:76,1
DA:77,1
DA:78,1
DA:79,1
DA:80,1
DA:81,1
DA:82,1
DA:83,1
DA:84,1
DA:85,1
DA:86,1
DA:87,1
DA:88,1
DA:89,1
DA:90,1
DA:91,1
DA:92,1
DA:93,1
DA:94,1
DA:95,1
DA:96,1
DA:97,1
LF:97
LH:97
BRF:0
BRH:0
end_of_record
TN:
SF:src/services/languageSetupFuncts.ts
FN:1,__vite_ssr_exports__.default
FN:5,convertLanguage
FNF:2
FNH:2
FNDA:1,__vite_ssr_exports__.default
FNDA:1,convertLanguage
DA:1,1
DA:2,1
DA:3,1
DA:4,1
DA:5,1
DA:6,1
DA:7,1
DA:8,0
DA:9,1
DA:10,0
DA:11,1
DA:12,0
DA:13,1
DA:14,0
DA:15,1
DA:16,0
DA:17,1
DA:18,0
DA:19,1
DA:20,0
DA:21,1
DA:22,1
DA:23,1
DA:24,0
DA:25,1
DA:26,0
DA:27,1
DA:28,0
DA:29,1
DA:30,0
DA:31,1
DA:32,0
DA:33,1
DA:34,0
DA:35,1
DA:36,0
DA:37,1
DA:38,0
DA:39,1
DA:40,1
DA:41,1
DA:42,1
DA:43,1
DA:44,1
DA:45,1
DA:46,1
DA:47,1
DA:48,1
LF:48
LH:33
BRDA:1,0,0,1
BRDA:5,1,0,1
BRDA:7,2,0,0
BRDA:9,3,0,0
BRDA:11,4,0,0
BRDA:13,5,0,0
BRDA:15,6,0,0
BRDA:17,7,0,0
BRDA:19,8,0,0
BRDA:23,9,0,0
BRDA:25,10,0,0
BRDA:27,11,0,0
BRDA:29,12,0,0
BRDA:31,13,0,0
BRDA:33,14,0,0
BRDA:35,15,0,0
BRDA:37,16,0,0
BRF:17
BRH:2
end_of_record
TN:
SF:src/store/StateUser.ts
FN:4,state
FN:11,updateToken
FN:14,updateUserId
FN:17,updateLanguage
FN:20,setUserStatus
FNF:5
FNH:2
FNDA:1,state
FNDA:0,updateToken
FNDA:0,updateUserId
FNDA:1,updateLanguage
FNDA:0,setUserStatus
DA:1,1
DA:2,1
DA:3,1
DA:4,1
DA:5,1
DA:6,1
DA:7,1
DA:8,1
DA:9,1
DA:10,1
DA:11,1
DA:12,0
DA:13,0
DA:14,1
DA:15,0
DA:16,0
DA:17,1
DA:18,1
DA:19,1
DA:20,1
DA:21,0
DA:22,0
DA:23,1
DA:24,1
DA:25,1
LF:25
LH:19
BRDA:4,0,0,1
BRDA:17,1,0,1
BRF:2
BRH:2
end_of_record
