TN:
SF:src/App.vue
FN:17,setLanguage
FNF:1
FNH:1
FNDA:2,setLanguage
DA:1,1
DA:2,1
DA:3,1
DA:4,1
DA:5,1
DA:6,1
DA:7,1
DA:8,1
DA:9,1
DA:10,1
DA:11,1
DA:12,1
DA:13,1
DA:14,1
DA:15,1
DA:16,1
DA:17,2
DA:18,2
DA:19,2
DA:20,2
DA:21,2
DA:22,2
DA:23,1
DA:24,1
DA:25,2
DA:26,1
DA:27,1
LF:27
LH:27
BRDA:17,0,0,2
BRDA:19,1,0,0
BRDA:19,2,0,0
BRDA:24,3,0,2
BRF:4
BRH:2
end_of_record
TN:
SF:src/components/LanguageSetupComponent.vue
FN:33,emitSelect
FN:37,toggleModal
FN:41,closeModal
FN:15,onClick
FNF:4
FNH:1
FNDA:0,emitSelect
FNDA:2,toggleModal
FNDA:0,closeModal
FNDA:0,onClick
DA:1,1
DA:2,1
DA:3,1
DA:4,1
DA:5,1
DA:6,1
DA:7,1
DA:8,1
DA:9,1
DA:10,1
DA:11,1
DA:12,1
DA:13,1
DA:14,1
DA:15,1
DA:16,1
DA:17,1
DA:18,1
DA:19,1
DA:20,1
DA:21,1
DA:22,1
DA:23,1
DA:24,1
DA:25,1
DA:26,1
DA:27,1
DA:28,1
DA:29,1
DA:30,1
DA:31,1
DA:32,1
DA:33,0
DA:34,0
DA:35,0
DA:36,1
DA:37,2
DA:38,2
DA:39,2
DA:40,1
DA:41,0
DA:42,0
DA:43,0
DA:44,1
DA:45,1
DA:46,1
DA:47,1
DA:48,1
DA:49,1
DA:50,1
DA:51,1
DA:52,1
DA:53,1
DA:54,1
DA:55,1
DA:56,1
DA:57,1
DA:58,1
DA:59,1
DA:60,1
DA:61,1
DA:62,1
DA:63,1
DA:64,1
DA:65,1
DA:66,1
DA:67,1
DA:68,1
DA:69,1
DA:70,1
DA:71,1
DA:72,1
DA:73,1
DA:74,1
DA:75,1
DA:76,1
DA:77,1
DA:78,1
DA:79,1
DA:80,1
DA:81,1
DA:82,1
DA:83,1
DA:84,1
DA:85,1
DA:86,1
DA:87,1
DA:88,1
DA:89,1
DA:90,1
DA:91,1
DA:92,1
DA:93,1
DA:94,1
DA:95,1
DA:96,1
DA:97,1
LF:97
LH:91
BRDA:37,0,0,2
BRF:1
BRH:1
end_of_record
TN:
SF:src/components/LoginForm.vue
FN:73,emitCredentials
FN:9,__vite_ssr_import_3__.createElementBlock.__vite_ssr_import_3__.createElementVNode.__vite_ssr_import_3__.withDirectives.__vite_ssr_import_3__.createElementVNode.onUpdate:modelValue._cache.<computed>._cache.<computed>
FN:26,__vite_ssr_import_3__.createElementBlock.__vite_ssr_import_3__.createElementVNode.__vite_ssr_import_3__.withDirectives.__vite_ssr_import_3__.createElementVNode.onUpdate:modelValue._cache.<computed>._cache.<computed>
FNF:3
FNH:3
FNDA:2,emitCredentials
FNDA:2,__vite_ssr_import_3__.createElementBlock.__vite_ssr_import_3__.createElementVNode.__vite_ssr_import_3__.withDirectives.__vite_ssr_import_3__.createElementVNode.onUpdate:modelValue._cache.<computed>._cache.<computed>
FNDA:2,__vite_ssr_import_3__.createElementBlock.__vite_ssr_import_3__.createElementVNode.__vite_ssr_import_3__.withDirectives.__vite_ssr_import_3__.createElementVNode.onUpdate:modelValue._cache.<computed>._cache.<computed>
DA:1,1
DA:2,1
DA:3,1
DA:4,1
DA:5,1
DA:6,1
DA:7,1
DA:8,1
DA:9,1
DA:10,2
DA:11,1
DA:12,1
DA:13,1
DA:14,1
DA:15,1
DA:16,1
DA:17,1
DA:18,1
DA:19,1
DA:20,1
DA:21,1
DA:22,1
DA:23,1
DA:24,1
DA:25,1
DA:26,1
DA:27,2
DA:28,1
DA:29,1
DA:30,1
DA:31,1
DA:32,1
DA:33,1
DA:34,1
DA:35,1
DA:36,1
DA:37,1
DA:38,1
DA:39,1
DA:40,1
DA:41,1
DA:42,1
DA:43,1
DA:44,1
DA:45,1
DA:46,1
DA:47,1
DA:48,1
DA:49,1
DA:50,1
DA:51,1
DA:52,1
DA:53,1
DA:54,1
DA:55,1
DA:56,1
DA:57,1
DA:58,1
DA:59,1
DA:60,1
DA:61,1
DA:62,1
DA:63,1
DA:64,1
DA:65,1
DA:66,1
DA:67,1
DA:68,1
DA:69,1
DA:70,1
DA:71,1
DA:72,1
DA:73,2
DA:74,2
DA:75,2
DA:76,2
DA:77,2
DA:78,1
DA:79,1
DA:80,1
DA:81,2
DA:82,2
DA:83,2
DA:84,2
DA:85,2
DA:86,1
DA:87,1
DA:88,1
DA:89,1
DA:90,1
DA:91,1
DA:92,1
DA:93,1
DA:94,1
DA:95,1
DA:96,1
DA:97,1
DA:98,1
DA:99,1
DA:100,1
DA:101,1
DA:102,1
DA:103,1
DA:104,1
DA:105,1
DA:106,1
DA:107,1
DA:108,1
DA:109,1
DA:110,1
DA:111,1
DA:112,1
DA:113,1
DA:114,1
DA:115,1
DA:116,1
DA:117,1
DA:118,1
DA:119,1
DA:120,1
DA:121,1
LF:121
LH:121
BRDA:73,0,0,2
BRDA:77,1,0,1
BRDA:77,2,0,1
BRDA:82,3,0,2
BRDA:9,4,0,5
BRDA:26,5,0,5
BRDA:42,6,0,1
BRDA:9,7,0,2
BRDA:26,8,0,2
BRF:9
BRH:9
end_of_record
TN:
SF:src/components/userProfile/TodoModal.vue
FN:45,emitClosure
FN:49,emitSubmit
FN:9,__vite_ssr_import_3__.createElementBlock.__vite_ssr_import_3__.createElementVNode.__vite_ssr_import_3__.createElementVNode.__vite_ssr_import_3__.withDirectives.__vite_ssr_import_3__.createElementVNode.onUpdate:modelValue._cache.<computed>._cache.<computed>
FN:18,__vite_ssr_import_3__.createElementBlock.__vite_ssr_import_3__.withDirectives.__vite_ssr_import_3__.createElementVNode.onUpdate:modelValue._cache.<computed>._cache.<computed>
FNF:4
FNH:4
FNDA:1,emitClosure
FNDA:1,emitSubmit
FNDA:1,__vite_ssr_import_3__.createElementBlock.__vite_ssr_import_3__.createElementVNode.__vite_ssr_import_3__.createElementVNode.__vite_ssr_import_3__.withDirectives.__vite_ssr_import_3__.createElementVNode.onUpdate:modelValue._cache.<computed>._cache.<computed>
FNDA:1,__vite_ssr_import_3__.createElementBlock.__vite_ssr_import_3__.withDirectives.__vite_ssr_import_3__.createElementVNode.onUpdate:modelValue._cache.<computed>._cache.<computed>
DA:1,1
DA:2,1
DA:3,1
DA:4,1
DA:5,1
DA:6,1
DA:7,1
DA:8,1
DA:9,1
DA:10,1
DA:11,1
DA:12,1
DA:13,1
DA:14,1
DA:15,1
DA:16,1
DA:17,1
DA:18,1
DA:19,1
DA:20,1
DA:21,1
DA:22,1
DA:23,1
DA:24,1
DA:25,1
DA:26,1
DA:27,1
DA:28,1
DA:29,1
DA:30,1
DA:31,1
DA:32,1
DA:33,1
DA:34,1
DA:35,1
DA:36,1
DA:37,1
DA:38,1
DA:39,1
DA:40,1
DA:41,1
DA:42,1
DA:43,1
DA:44,1
DA:45,1
DA:46,1
DA:47,1
DA:48,1
DA:49,1
DA:50,1
DA:51,1
DA:52,1
DA:53,1
DA:54,1
DA:55,1
DA:56,1
DA:57,1
DA:58,1
DA:59,1
DA:60,1
DA:61,1
DA:62,1
DA:63,1
DA:64,1
DA:65,1
DA:66,1
DA:67,1
DA:68,1
DA:69,1
DA:70,1
DA:71,1
DA:72,1
DA:73,1
DA:74,1
DA:75,1
DA:76,1
DA:77,1
DA:78,1
DA:79,1
DA:80,1
DA:81,1
DA:82,1
DA:83,1
DA:84,1
DA:85,1
DA:86,1
DA:87,1
DA:88,1
DA:89,1
DA:90,1
DA:91,1
DA:92,1
DA:93,1
DA:94,1
DA:95,1
DA:96,1
DA:97,1
DA:98,1
DA:99,1
DA:100,1
DA:101,1
DA:102,1
DA:103,1
DA:104,1
DA:105,1
DA:106,1
DA:107,1
DA:108,1
DA:109,1
DA:110,1
DA:111,1
DA:112,1
DA:113,1
DA:114,1
DA:115,1
DA:116,1
DA:117,1
DA:118,1
DA:119,1
DA:120,1
DA:121,1
DA:122,1
DA:123,1
DA:124,1
DA:125,1
DA:126,1
DA:127,1
DA:128,1
DA:129,1
DA:130,1
DA:131,1
DA:132,1
DA:133,1
DA:134,1
DA:135,1
DA:136,1
DA:137,1
DA:138,1
DA:139,1
DA:140,1
DA:141,1
DA:142,1
DA:143,1
DA:144,1
DA:145,1
DA:146,1
DA:147,1
DA:148,1
DA:149,1
DA:150,1
DA:151,1
DA:152,1
DA:153,1
DA:154,1
DA:155,1
DA:156,1
DA:157,1
DA:158,1
DA:159,1
DA:160,1
DA:161,1
DA:162,1
DA:163,1
LF:163
LH:163
BRDA:45,0,0,1
BRDA:49,1,0,1
BRDA:4,2,0,1
BRDA:9,3,0,2
BRDA:18,4,0,2
BRDA:9,5,0,1
BRDA:18,6,0,1
BRF:7
BRH:7
end_of_record
TN:
SF:src/services/formValidation.ts
FN:9,__vite_ssr_exports__.default
FN:25,usernameValidation
FN:33,nameValidation
FN:41,surnameValidation
FN:49,emailValidation
FN:57,passwordValidation
FN:65,confPasswordValidation
FN:73,resetValues
FNF:8
FNH:4
FNDA:5,__vite_ssr_exports__.default
FNDA:2,usernameValidation
FNDA:0,nameValidation
FNDA:0,surnameValidation
FNDA:0,emailValidation
FNDA:2,passwordValidation
FNDA:0,confPasswordValidation
FNDA:2,resetValues
DA:1,1
DA:2,1
DA:3,1
DA:4,1
DA:5,1
DA:6,1
DA:7,1
DA:8,1
DA:9,5
DA:10,5
DA:11,5
DA:12,5
DA:13,5
DA:14,5
DA:15,5
DA:16,5
DA:17,5
DA:18,5
DA:19,5
DA:20,5
DA:21,5
DA:22,5
DA:23,5
DA:24,5
DA:25,5
DA:26,2
DA:27,1
DA:28,1
DA:29,1
DA:30,1
DA:31,2
DA:32,5
DA:33,5
DA:34,0
DA:35,0
DA:36,0
DA:37,0
DA:38,0
DA:39,0
DA:40,5
DA:41,5
DA:42,0
DA:43,0
DA:44,0
DA:45,0
DA:46,0
DA:47,0
DA:48,5
DA:49,5
DA:50,0
DA:51,0
DA:52,0
DA:53,0
DA:54,0
DA:55,0
DA:56,5
DA:57,5
DA:58,2
DA:59,1
DA:60,1
DA:61,1
DA:62,1
DA:63,2
DA:64,5
DA:65,5
DA:66,0
DA:67,0
DA:68,0
DA:69,0
DA:70,0
DA:71,0
DA:72,5
DA:73,5
DA:74,2
DA:75,0
DA:76,0
DA:77,0
DA:78,0
DA:79,0
DA:80,0
DA:81,0
DA:82,2
DA:83,2
DA:84,2
DA:85,2
DA:86,2
DA:87,2
DA:88,2
DA:89,2
DA:90,2
DA:91,5
DA:92,5
DA:93,5
DA:94,5
DA:95,5
DA:96,5
DA:97,5
DA:98,5
DA:99,5
DA:100,5
DA:101,5
DA:102,5
DA:103,5
DA:104,5
DA:105,5
DA:106,5
DA:107,5
DA:108,5
DA:109,5
DA:110,5
DA:111,5
DA:112,5
DA:113,5
DA:114,5
DA:115,5
LF:115
LH:84
BRDA:9,0,0,5
BRDA:25,1,0,2
BRDA:26,2,0,1
BRDA:26,3,0,1
BRDA:57,4,0,2
BRDA:58,5,0,1
BRDA:73,6,0,2
BRDA:74,7,0,0
BRF:8
BRH:7
end_of_record
TN:
SF:src/services/formatDate.ts
FN:1,formatDate
FNF:1
FNH:1
FNDA:3,formatDate
DA:1,1
DA:2,3
DA:3,3
DA:4,3
DA:5,3
DA:6,3
LF:6
LH:6
BRDA:1,0,0,3
BRF:1
BRH:1
end_of_record
TN:
SF:src/services/languageSetupFuncts.ts
FN:1,__vite_ssr_exports__.default
FN:5,convertLanguage
FNF:2
FNH:2
FNDA:4,__vite_ssr_exports__.default
FNDA:2,convertLanguage
DA:1,1
DA:2,4
DA:3,4
DA:4,4
DA:5,4
DA:6,2
DA:7,2
DA:8,0
DA:9,2
DA:10,0
DA:11,2
DA:12,0
DA:13,2
DA:14,0
DA:15,2
DA:16,0
DA:17,2
DA:18,0
DA:19,2
DA:20,0
DA:21,2
DA:22,2
DA:23,2
DA:24,0
DA:25,2
DA:26,0
DA:27,2
DA:28,0
DA:29,2
DA:30,0
DA:31,2
DA:32,0
DA:33,2
DA:34,0
DA:35,2
DA:36,0
DA:37,2
DA:38,0
DA:39,2
DA:40,2
DA:41,2
DA:42,4
DA:43,4
DA:44,4
DA:45,4
DA:46,4
DA:47,4
DA:48,4
LF:48
LH:33
BRDA:1,0,0,4
BRDA:5,1,0,2
BRDA:7,2,0,0
BRDA:9,3,0,0
BRDA:11,4,0,0
BRDA:13,5,0,0
BRDA:15,6,0,0
BRDA:17,7,0,0
BRDA:19,8,0,0
BRDA:23,9,0,0
BRDA:25,10,0,0
BRDA:27,11,0,0
BRDA:29,12,0,0
BRDA:31,13,0,0
BRDA:33,14,0,0
BRDA:35,15,0,0
BRDA:37,16,0,0
BRF:17
BRH:2
end_of_record
TN:
SF:src/store/StateUser.ts
FN:4,state
FN:11,updateToken
FN:14,updateUserId
FN:17,updateLanguage
FN:20,setUserStatus
FNF:5
FNH:2
FNDA:2,state
FNDA:0,updateToken
FNDA:0,updateUserId
FNDA:2,updateLanguage
FNDA:0,setUserStatus
DA:1,1
DA:2,1
DA:3,1
DA:4,1
DA:5,2
DA:6,2
DA:7,2
DA:8,2
DA:9,2
DA:10,1
DA:11,1
DA:12,0
DA:13,0
DA:14,1
DA:15,0
DA:16,0
DA:17,1
DA:18,2
DA:19,2
DA:20,1
DA:21,0
DA:22,0
DA:23,1
DA:24,1
DA:25,1
LF:25
LH:19
BRDA:4,0,0,2
BRDA:17,1,0,2
BRF:2
BRH:2
end_of_record
